INFO:     Will watch for changes in these directories: ['/content/drive/MyDrive/Proyecto_Analisis_de_Sentimientos_G4']
INFO:     Uvicorn running on http://0.0.0.0:8000 (Press CTRL+C to quit)
INFO:     Started reloader process [104300] using WatchFiles
INFO:     Started server process [104321]
INFO:     Waiting for application startup.
INFO:     Application startup complete.
INFO:     127.0.0.1:40982 - "GET /health HTTP/1.1" 200 OK
INFO:     127.0.0.1:40998 - "POST /batch HTTP/1.1" 200 OK
WARNING:  WatchFiles detected changes in 'dashboard/Copia de dashboard_app.py'. Reloading...
INFO:     Shutting down
INFO:     Waiting for application shutdown.
INFO:     Application shutdown complete.
INFO:     Finished server process [104321]
INFO:     Started server process [106083]
INFO:     Waiting for application startup.
INFO:     Application startup complete.
WARNING:  WatchFiles detected changes in 'src/utils/config_rutas.py'. Reloading...
INFO:     Shutting down
INFO:     Waiting for application shutdown.
INFO:     Application shutdown complete.
INFO:     Finished server process [106083]
INFO:     Started server process [106711]
INFO:     Waiting for application startup.
INFO:     Application startup complete.
WARNING:  WatchFiles detected changes in 'src/utils/config_rutas.py', 'src/utils/loggers.py'. Reloading...
INFO:     Shutting down
INFO:     Waiting for application shutdown.
INFO:     Application shutdown complete.
INFO:     Finished server process [106711]
INFO:     Started server process [106880]
INFO:     Waiting for application startup.
INFO:     Application startup complete.
WARNING:  WatchFiles detected changes in 'src/__init__.py', 'src/utils/__init__.py', 'dashboard/dashboard_app.py', 'api/__init__.py', 'api/api.py'. Reloading...
INFO:     Shutting down
INFO:     Waiting for application shutdown.
INFO:     Application shutdown complete.
INFO:     Finished server process [106880]
INFO:     Started server process [119845]
INFO:     Waiting for application startup.
INFO:     Application startup complete.
